NOTE: Picked up JDK_JAVA_OPTIONS:  --add-opens=java.base/java.lang=ALL-UNNAMED --add-opens=java.base/java.io=ALL-UNNAMED --add-opens=java.base/java.util=ALL-UNNAMED --add-opens=java.base/java.util.concurrent=ALL-UNNAMED --add-opens=java.rmi/sun.rmi.transport=ALL-UNNAMED
21-Dec-2021 21:54:50.018 情報 [main] org.apache.catalina.startup.VersionLoggerListener.log Serverのバージョン名:     Apache Tomcat/8.5.73
21-Dec-2021 21:54:50.033 情報 [main] org.apache.catalina.startup.VersionLoggerListener.log Server ビルド:            Nov 11 2021 13:14:36 UTC
21-Dec-2021 21:54:50.034 情報 [main] org.apache.catalina.startup.VersionLoggerListener.log サーバーのバージョン番号: 8.5.73.0
21-Dec-2021 21:54:50.034 情報 [main] org.apache.catalina.startup.VersionLoggerListener.log OS 名:                    Linux
21-Dec-2021 21:54:50.034 情報 [main] org.apache.catalina.startup.VersionLoggerListener.log OS バージョン:            4.15.0-163-generic
21-Dec-2021 21:54:50.034 情報 [main] org.apache.catalina.startup.VersionLoggerListener.log アーキテクチャ:           amd64
21-Dec-2021 21:54:50.034 情報 [main] org.apache.catalina.startup.VersionLoggerListener.log Java Home:                /usr/jdk/jdk-11.0.11
21-Dec-2021 21:54:50.035 情報 [main] org.apache.catalina.startup.VersionLoggerListener.log JVM バージョン:           11.0.11+9-LTS-194
21-Dec-2021 21:54:50.035 情報 [main] org.apache.catalina.startup.VersionLoggerListener.log JVM ベンダ:               Oracle Corporation
21-Dec-2021 21:54:50.035 情報 [main] org.apache.catalina.startup.VersionLoggerListener.log CATALINA_BASE:            /home/smachida/workspace/developer/apps/microservice-demo/runtime/apache-tomcat-8.5.73
21-Dec-2021 21:54:50.035 情報 [main] org.apache.catalina.startup.VersionLoggerListener.log CATALINA_HOME:            /home/smachida/workspace/developer/apps/microservice-demo/runtime/apache-tomcat-8.5.73
21-Dec-2021 21:54:50.042 情報 [main] org.apache.catalina.startup.VersionLoggerListener.log コマンドライン引数:       --add-opens=java.base/java.lang=ALL-UNNAMED
21-Dec-2021 21:54:50.043 情報 [main] org.apache.catalina.startup.VersionLoggerListener.log コマンドライン引数:       --add-opens=java.base/java.io=ALL-UNNAMED
21-Dec-2021 21:54:50.043 情報 [main] org.apache.catalina.startup.VersionLoggerListener.log コマンドライン引数:       --add-opens=java.base/java.util=ALL-UNNAMED
21-Dec-2021 21:54:50.043 情報 [main] org.apache.catalina.startup.VersionLoggerListener.log コマンドライン引数:       --add-opens=java.base/java.util.concurrent=ALL-UNNAMED
21-Dec-2021 21:54:50.043 情報 [main] org.apache.catalina.startup.VersionLoggerListener.log コマンドライン引数:       --add-opens=java.rmi/sun.rmi.transport=ALL-UNNAMED
21-Dec-2021 21:54:50.043 情報 [main] org.apache.catalina.startup.VersionLoggerListener.log コマンドライン引数:       -Djava.util.logging.config.file=/home/smachida/workspace/developer/apps/microservice-demo/runtime/apache-tomcat-8.5.73/conf/logging.properties
21-Dec-2021 21:54:50.044 情報 [main] org.apache.catalina.startup.VersionLoggerListener.log コマンドライン引数:       -Djava.util.logging.manager=org.apache.juli.ClassLoaderLogManager
21-Dec-2021 21:54:50.044 情報 [main] org.apache.catalina.startup.VersionLoggerListener.log コマンドライン引数:       -Djdk.tls.ephemeralDHKeySize=2048
21-Dec-2021 21:54:50.044 情報 [main] org.apache.catalina.startup.VersionLoggerListener.log コマンドライン引数:       -Djava.protocol.handler.pkgs=org.apache.catalina.webresources
21-Dec-2021 21:54:50.045 情報 [main] org.apache.catalina.startup.VersionLoggerListener.log コマンドライン引数:       -Dorg.apache.catalina.security.SecurityListener.UMASK=0027
21-Dec-2021 21:54:50.046 情報 [main] org.apache.catalina.startup.VersionLoggerListener.log コマンドライン引数:       -Dignore.endorsed.dirs=
21-Dec-2021 21:54:50.047 情報 [main] org.apache.catalina.startup.VersionLoggerListener.log コマンドライン引数:       -Dcatalina.base=/home/smachida/workspace/developer/apps/microservice-demo/runtime/apache-tomcat-8.5.73
21-Dec-2021 21:54:50.047 情報 [main] org.apache.catalina.startup.VersionLoggerListener.log コマンドライン引数:       -Dcatalina.home=/home/smachida/workspace/developer/apps/microservice-demo/runtime/apache-tomcat-8.5.73
21-Dec-2021 21:54:50.047 情報 [main] org.apache.catalina.startup.VersionLoggerListener.log コマンドライン引数:       -Djava.io.tmpdir=/home/smachida/workspace/developer/apps/microservice-demo/runtime/apache-tomcat-8.5.73/temp
21-Dec-2021 21:54:50.048 情報 [main] org.apache.catalina.core.AprLifecycleListener.lifecycleEvent 商用環境に最適な性能を発揮する APR ベースの Tomcat ネイティブライブラリが java.library.path [/usr/java/packages/lib:/usr/lib64:/lib64:/lib:/usr/lib] に存在しません。
21-Dec-2021 21:54:50.167 情報 [main] org.apache.coyote.AbstractProtocol.init プロトコルハンドラ ["http-nio-8080"] を初期化します。
21-Dec-2021 21:54:50.231 情報 [main] org.apache.tomcat.util.net.NioSelectorPool.getSharedSelector Using a shared selector for servlet write/read
21-Dec-2021 21:54:50.299 情報 [main] org.apache.catalina.startup.Catalina.load Initialization processed in 1987 ms
21-Dec-2021 21:54:50.521 情報 [main] org.apache.catalina.core.StandardService.startInternal サービス [Catalina] を起動します
21-Dec-2021 21:54:50.521 情報 [main] org.apache.catalina.core.StandardEngine.startInternal サーブレットエンジンの起動：[Apache Tomcat/8.5.73]
21-Dec-2021 21:54:50.571 情報 [localhost-startStop-1] org.apache.catalina.startup.HostConfig.deployDirectory Webアプリケーションディレクトリ [/home/smachida/workspace/developer/apps/microservice-demo/runtime/apache-tomcat-8.5.73/webapps/manager] を配備します
21-Dec-2021 21:54:51.970 情報 [localhost-startStop-1] org.apache.catalina.startup.HostConfig.deployDirectory ディレクトリ [/home/smachida/workspace/developer/apps/microservice-demo/runtime/apache-tomcat-8.5.73/webapps/manager] の Web アプリケーションの配備は [1,394] ms で完了しました。
21-Dec-2021 21:54:51.983 情報 [localhost-startStop-1] org.apache.catalina.startup.HostConfig.deployDirectory Webアプリケーションディレクトリ [/home/smachida/workspace/developer/apps/microservice-demo/runtime/apache-tomcat-8.5.73/webapps/host-manager] を配備します
21-Dec-2021 21:54:52.145 情報 [localhost-startStop-1] org.apache.catalina.startup.HostConfig.deployDirectory ディレクトリ [/home/smachida/workspace/developer/apps/microservice-demo/runtime/apache-tomcat-8.5.73/webapps/host-manager] の Web アプリケーションの配備は [163] ms で完了しました。
21-Dec-2021 21:54:52.147 情報 [localhost-startStop-1] org.apache.catalina.startup.HostConfig.deployDirectory Webアプリケーションディレクトリ [/home/smachida/workspace/developer/apps/microservice-demo/runtime/apache-tomcat-8.5.73/webapps/ROOT] を配備します
21-Dec-2021 21:54:52.220 情報 [localhost-startStop-1] org.apache.catalina.startup.HostConfig.deployDirectory ディレクトリ [/home/smachida/workspace/developer/apps/microservice-demo/runtime/apache-tomcat-8.5.73/webapps/ROOT] の Web アプリケーションの配備は [74] ms で完了しました。
21-Dec-2021 21:54:52.221 情報 [localhost-startStop-1] org.apache.catalina.startup.HostConfig.deployDirectory Webアプリケーションディレクトリ [/home/smachida/workspace/developer/apps/microservice-demo/runtime/apache-tomcat-8.5.73/webapps/docs] を配備します
21-Dec-2021 21:54:52.271 情報 [localhost-startStop-1] org.apache.catalina.startup.HostConfig.deployDirectory ディレクトリ [/home/smachida/workspace/developer/apps/microservice-demo/runtime/apache-tomcat-8.5.73/webapps/docs] の Web アプリケーションの配備は [49] ms で完了しました。
21-Dec-2021 21:54:52.276 情報 [localhost-startStop-1] org.apache.catalina.startup.HostConfig.deployDirectory Webアプリケーションディレクトリ [/home/smachida/workspace/developer/apps/microservice-demo/runtime/apache-tomcat-8.5.73/webapps/examples] を配備します
21-Dec-2021 21:54:53.277 情報 [localhost-startStop-1] org.apache.catalina.startup.HostConfig.deployDirectory ディレクトリ [/home/smachida/workspace/developer/apps/microservice-demo/runtime/apache-tomcat-8.5.73/webapps/examples] の Web アプリケーションの配備は [1,002] ms で完了しました。
21-Dec-2021 21:54:53.297 情報 [main] org.apache.coyote.AbstractProtocol.start プロトコルハンドラー ["http-nio-8080"] を開始しました。
21-Dec-2021 21:54:53.340 情報 [main] org.apache.catalina.startup.Catalina.start Server startup in 3039 ms
21-Dec-2021 21:55:43.305 情報 [localhost-startStop-2] org.apache.catalina.startup.HostConfig.deployWAR Webアプリケーションアーカイブ [/home/smachida/workspace/developer/apps/microservice-demo/runtime/apache-tomcat-8.5.73/webapps/MsDemoMonolith.war] を配備します
21-Dec-2021 21:55:44.490 情報 [localhost-startStop-2] org.apache.jasper.servlet.TldScanner.scanJars 少なくとも1つのJARが、まだTLDを含んでいないTLDについてスキャンされました。 スキャンしたが、そこにTLDが見つからなかったJARの完全なリストについては、このロガーのデバッグログを有効にしてください。 スキャン中に不要なJARをスキップすると、起動時間とJSPのコンパイル時間が改善されます。

  .   ____          _            __ _ _
 /\\ / ___'_ __ _ _(_)_ __  __ _ \ \ \ \
( ( )\___ | '_ | '_| | '_ \/ _` | \ \ \ \
 \\/  ___)| |_)| | | | | || (_| |  ) ) ) )
  '  |____| .__|_| |_|_| |_\__, | / / / /
 =========|_|==============|___/=/_/_/_/
 :: Spring Boot ::                (v2.5.7)

2021-12-21 21:55:45.467  INFO 42291 --- [ost-startStop-2] j.v.s.s.c.composite.ServletInitializer   : Starting ServletInitializer using Java 11.0.11 on devstation with PID 42291 (/home/smachida/workspace/developer/apps/microservice-demo/runtime/apache-tomcat-8.5.73/webapps/MsDemoMonolith/WEB-INF/classes started by smachida in /home/smachida/workspace/developer/apps/microservice-demo/runtime/apache-tomcat-8.5.73/bin)
2021-12-21 21:55:45.470 DEBUG 42291 --- [ost-startStop-2] j.v.s.s.c.composite.ServletInitializer   : Running with Spring Boot v2.5.7, Spring v5.3.13
2021-12-21 21:55:45.470  INFO 42291 --- [ost-startStop-2] j.v.s.s.c.composite.ServletInitializer   : No active profile set, falling back to default profiles: default
2021-12-21 21:55:46.899  INFO 42291 --- [ost-startStop-2] w.s.c.ServletWebServerApplicationContext : Root WebApplicationContext: initialization completed in 1354 ms
2021-12-21 21:55:48.161  INFO 42291 --- [ost-startStop-2] o.s.b.a.e.web.EndpointLinksResolver      : Exposing 1 endpoint(s) beneath base path '/actuator'
2021-12-21 21:55:48.211  INFO 42291 --- [ost-startStop-2] j.v.s.s.c.composite.ServletInitializer   : Started ServletInitializer in 3.487 seconds (JVM running for 60.54)
21-Dec-2021 21:55:48.241 情報 [localhost-startStop-2] org.apache.catalina.startup.HostConfig.deployWAR Web アプリケーションアーカイブ [/home/smachida/workspace/developer/apps/microservice-demo/runtime/apache-tomcat-8.5.73/webapps/MsDemoMonolith.war] の配備は [4,936] ms で完了しました。
2021-12-21 21:56:16.646  INFO 42291 --- [nio-8080-exec-5] o.s.web.servlet.DispatcherServlet        : Initializing Servlet 'dispatcherServlet'
2021-12-21 21:56:16.650  INFO 42291 --- [nio-8080-exec-5] o.s.web.servlet.DispatcherServlet        : Completed initialization in 2 ms
2021-12-21 21:56:34.016 DEBUG 42291 --- [nio-8080-exec-6] .c.c.p.s.ProductCompositeIntegrationImpl : Will call getProduct API on ProductService
2021-12-21 21:56:34.017 DEBUG 42291 --- [nio-8080-exec-6] j.v.s.s.c.p.p.s.ProductServiceImpl       : /product return the found product for productId=1
2021-12-21 21:56:34.019 DEBUG 42291 --- [nio-8080-exec-6] .c.c.p.s.ProductCompositeIntegrationImpl : Found a product with id: 1
2021-12-21 21:56:34.019 DEBUG 42291 --- [nio-8080-exec-6] .s.s.c.c.p.s.ProductCompositeServiceImpl : Got the Product for the productId: 1 -> {{
2021-12-21 21:56:34.019 DEBUG 42291 --- [nio-8080-exec-6] .c.c.p.s.ProductCompositeIntegrationImpl : Will call getRecommendations API on RecommendationService
2021-12-21 21:56:34.019 DEBUG 42291 --- [nio-8080-exec-6] j.v.s.s.c.r.s.RecommendationServiceImpl  : /recommendation response size: 3
2021-12-21 21:56:34.019 DEBUG 42291 --- [nio-8080-exec-6] .c.c.p.s.ProductCompositeIntegrationImpl : Found 3 recommendations for a product with id: 1
2021-12-21 21:56:34.019 DEBUG 42291 --- [nio-8080-exec-6] .c.c.p.s.ProductCompositeIntegrationImpl : Will call get Reviews API on ReviewService
2021-12-21 21:56:34.019 DEBUG 42291 --- [nio-8080-exec-6] j.v.s.s.c.r.services.ReviewServiceImpl   : /reviews response size: 3
2021-12-21 21:56:34.019 DEBUG 42291 --- [nio-8080-exec-6] .c.c.p.s.ProductCompositeIntegrationImpl : Found 3 reviews for a product with id: 1
2021-12-21 21:57:04.860 DEBUG 42291 --- [nio-8080-exec-2] .c.c.p.s.ProductCompositeIntegrationImpl : Will call getProduct API on ProductService
2021-12-21 21:57:04.860 DEBUG 42291 --- [nio-8080-exec-2] j.v.s.s.c.p.p.s.ProductServiceImpl       : /product return the found product for productId=1
2021-12-21 21:57:04.860 DEBUG 42291 --- [nio-8080-exec-2] .c.c.p.s.ProductCompositeIntegrationImpl : Found a product with id: 1
2021-12-21 21:57:04.860 DEBUG 42291 --- [nio-8080-exec-2] .s.s.c.c.p.s.ProductCompositeServiceImpl : Got the Product for the productId: 1 -> {{
2021-12-21 21:57:04.861 DEBUG 42291 --- [nio-8080-exec-2] .c.c.p.s.ProductCompositeIntegrationImpl : Will call getRecommendations API on RecommendationService
2021-12-21 21:57:04.861 DEBUG 42291 --- [nio-8080-exec-2] j.v.s.s.c.r.s.RecommendationServiceImpl  : /recommendation response size: 3
2021-12-21 21:57:04.861 DEBUG 42291 --- [nio-8080-exec-2] .c.c.p.s.ProductCompositeIntegrationImpl : Found 3 recommendations for a product with id: 1
2021-12-21 21:57:04.861 DEBUG 42291 --- [nio-8080-exec-2] .c.c.p.s.ProductCompositeIntegrationImpl : Will call get Reviews API on ReviewService
2021-12-21 21:57:04.861 DEBUG 42291 --- [nio-8080-exec-2] j.v.s.s.c.r.services.ReviewServiceImpl   : /reviews response size: 3
2021-12-21 21:57:04.861 DEBUG 42291 --- [nio-8080-exec-2] .c.c.p.s.ProductCompositeIntegrationImpl : Found 3 reviews for a product with id: 1
2021-12-21 21:57:04.890 DEBUG 42291 --- [nio-8080-exec-3] .c.c.p.s.ProductCompositeIntegrationImpl : Will call getProduct API on ProductService
2021-12-21 21:57:04.890 DEBUG 42291 --- [nio-8080-exec-3] j.v.s.s.c.p.p.s.ProductServiceImpl       : /product return the found product for productId=113
2021-12-21 21:57:04.890 DEBUG 42291 --- [nio-8080-exec-3] .c.c.p.s.ProductCompositeIntegrationImpl : Found a product with id: 113
2021-12-21 21:57:04.890 DEBUG 42291 --- [nio-8080-exec-3] .s.s.c.c.p.s.ProductCompositeServiceImpl : Got the Product for the productId: 113 -> {{
2021-12-21 21:57:04.891 DEBUG 42291 --- [nio-8080-exec-3] .c.c.p.s.ProductCompositeIntegrationImpl : Will call getRecommendations API on RecommendationService
2021-12-21 21:57:04.891 DEBUG 42291 --- [nio-8080-exec-3] j.v.s.s.c.r.s.RecommendationServiceImpl  : No recommendations found for productId: 113
2021-12-21 21:57:04.891 DEBUG 42291 --- [nio-8080-exec-3] .c.c.p.s.ProductCompositeIntegrationImpl : Found 0 recommendations for a product with id: 113
2021-12-21 21:57:04.891 DEBUG 42291 --- [nio-8080-exec-3] .c.c.p.s.ProductCompositeIntegrationImpl : Will call get Reviews API on ReviewService
2021-12-21 21:57:04.891 DEBUG 42291 --- [nio-8080-exec-3] j.v.s.s.c.r.services.ReviewServiceImpl   : /reviews response size: 3
2021-12-21 21:57:04.891 DEBUG 42291 --- [nio-8080-exec-3] .c.c.p.s.ProductCompositeIntegrationImpl : Found 3 reviews for a product with id: 113
2021-12-21 21:57:04.918 DEBUG 42291 --- [nio-8080-exec-4] .c.c.p.s.ProductCompositeIntegrationImpl : Will call getProduct API on ProductService
2021-12-21 21:57:04.918 DEBUG 42291 --- [nio-8080-exec-4] j.v.s.s.c.p.p.s.ProductServiceImpl       : /product return the found product for productId=213
2021-12-21 21:57:04.919 DEBUG 42291 --- [nio-8080-exec-4] .c.c.p.s.ProductCompositeIntegrationImpl : Found a product with id: 213
2021-12-21 21:57:04.919 DEBUG 42291 --- [nio-8080-exec-4] .s.s.c.c.p.s.ProductCompositeServiceImpl : Got the Product for the productId: 213 -> {{
2021-12-21 21:57:04.919 DEBUG 42291 --- [nio-8080-exec-4] .c.c.p.s.ProductCompositeIntegrationImpl : Will call getRecommendations API on RecommendationService
2021-12-21 21:57:04.919 DEBUG 42291 --- [nio-8080-exec-4] j.v.s.s.c.r.s.RecommendationServiceImpl  : /recommendation response size: 3
2021-12-21 21:57:04.919 DEBUG 42291 --- [nio-8080-exec-4] .c.c.p.s.ProductCompositeIntegrationImpl : Found 3 recommendations for a product with id: 213
2021-12-21 21:57:04.919 DEBUG 42291 --- [nio-8080-exec-4] .c.c.p.s.ProductCompositeIntegrationImpl : Will call get Reviews API on ReviewService
2021-12-21 21:57:04.919 DEBUG 42291 --- [nio-8080-exec-4] j.v.s.s.c.r.services.ReviewServiceImpl   : No reviews found for productId: 213
2021-12-21 21:57:04.919 DEBUG 42291 --- [nio-8080-exec-4] .c.c.p.s.ProductCompositeIntegrationImpl : Found 0 reviews for a product with id: 213
21-Dec-2021 21:57:27.738 情報 [main] org.apache.catalina.core.StandardServer.await 有効なシャットダウンコマンドがシャットダウンポート経由で受信されました。 サーバーインスタンスを停止します。
21-Dec-2021 21:57:27.739 情報 [main] org.apache.coyote.AbstractProtocol.pause ProtocolHandler ["http-nio-8080"] を一時停止します。
21-Dec-2021 21:57:27.749 情報 [main] org.apache.catalina.core.StandardService.stopInternal サービス [Catalina] を停止します
21-Dec-2021 21:57:27.846 情報 [main] org.apache.coyote.AbstractProtocol.stop ProtocolHandler ["http-nio-8080"]の停止中
21-Dec-2021 21:57:27.859 情報 [main] org.apache.coyote.AbstractProtocol.destroy ProtocolHandler ["http-nio-8080"] を破棄します。
NOTE: Picked up JDK_JAVA_OPTIONS:  --add-opens=java.base/java.lang=ALL-UNNAMED --add-opens=java.base/java.io=ALL-UNNAMED --add-opens=java.base/java.util=ALL-UNNAMED --add-opens=java.base/java.util.concurrent=ALL-UNNAMED --add-opens=java.rmi/sun.rmi.transport=ALL-UNNAMED
28-Apr-2022 15:22:43.608 情報 [main] org.apache.catalina.startup.VersionLoggerListener.log Serverのバージョン名:     Apache Tomcat/8.5.73
28-Apr-2022 15:22:43.615 情報 [main] org.apache.catalina.startup.VersionLoggerListener.log Server ビルド:            Nov 11 2021 13:14:36 UTC
28-Apr-2022 15:22:43.615 情報 [main] org.apache.catalina.startup.VersionLoggerListener.log サーバーのバージョン番号: 8.5.73.0
28-Apr-2022 15:22:43.616 情報 [main] org.apache.catalina.startup.VersionLoggerListener.log OS 名:                    Linux
28-Apr-2022 15:22:43.616 情報 [main] org.apache.catalina.startup.VersionLoggerListener.log OS バージョン:            5.13.0-30-generic
28-Apr-2022 15:22:43.616 情報 [main] org.apache.catalina.startup.VersionLoggerListener.log アーキテクチャ:           amd64
28-Apr-2022 15:22:43.616 情報 [main] org.apache.catalina.startup.VersionLoggerListener.log Java Home:                /usr/lib/jvm/java-11-openjdk-amd64
28-Apr-2022 15:22:43.616 情報 [main] org.apache.catalina.startup.VersionLoggerListener.log JVM バージョン:           11.0.15+10-Ubuntu-0ubuntu0.20.04.1
28-Apr-2022 15:22:43.616 情報 [main] org.apache.catalina.startup.VersionLoggerListener.log JVM ベンダ:               Private Build
28-Apr-2022 15:22:43.616 情報 [main] org.apache.catalina.startup.VersionLoggerListener.log CATALINA_BASE:            /home/smachida/workspace/workshop/microservice-demo/ms-demo-90-runtime-tomcat/apache-tomcat-8.5.73
28-Apr-2022 15:22:43.617 情報 [main] org.apache.catalina.startup.VersionLoggerListener.log CATALINA_HOME:            /home/smachida/workspace/workshop/microservice-demo/ms-demo-90-runtime-tomcat/apache-tomcat-8.5.73
28-Apr-2022 15:22:43.618 情報 [main] org.apache.catalina.startup.VersionLoggerListener.log コマンドライン引数:       --add-opens=java.base/java.lang=ALL-UNNAMED
28-Apr-2022 15:22:43.619 情報 [main] org.apache.catalina.startup.VersionLoggerListener.log コマンドライン引数:       --add-opens=java.base/java.io=ALL-UNNAMED
28-Apr-2022 15:22:43.619 情報 [main] org.apache.catalina.startup.VersionLoggerListener.log コマンドライン引数:       --add-opens=java.base/java.util=ALL-UNNAMED
28-Apr-2022 15:22:43.619 情報 [main] org.apache.catalina.startup.VersionLoggerListener.log コマンドライン引数:       --add-opens=java.base/java.util.concurrent=ALL-UNNAMED
28-Apr-2022 15:22:43.619 情報 [main] org.apache.catalina.startup.VersionLoggerListener.log コマンドライン引数:       --add-opens=java.rmi/sun.rmi.transport=ALL-UNNAMED
28-Apr-2022 15:22:43.619 情報 [main] org.apache.catalina.startup.VersionLoggerListener.log コマンドライン引数:       -Djava.util.logging.config.file=/home/smachida/workspace/workshop/microservice-demo/ms-demo-90-runtime-tomcat/apache-tomcat-8.5.73/conf/logging.properties
28-Apr-2022 15:22:43.619 情報 [main] org.apache.catalina.startup.VersionLoggerListener.log コマンドライン引数:       -Djava.util.logging.manager=org.apache.juli.ClassLoaderLogManager
28-Apr-2022 15:22:43.619 情報 [main] org.apache.catalina.startup.VersionLoggerListener.log コマンドライン引数:       -Djdk.tls.ephemeralDHKeySize=2048
28-Apr-2022 15:22:43.619 情報 [main] org.apache.catalina.startup.VersionLoggerListener.log コマンドライン引数:       -Djava.protocol.handler.pkgs=org.apache.catalina.webresources
28-Apr-2022 15:22:43.620 情報 [main] org.apache.catalina.startup.VersionLoggerListener.log コマンドライン引数:       -Dorg.apache.catalina.security.SecurityListener.UMASK=0027
28-Apr-2022 15:22:43.620 情報 [main] org.apache.catalina.startup.VersionLoggerListener.log コマンドライン引数:       -Dignore.endorsed.dirs=
28-Apr-2022 15:22:43.620 情報 [main] org.apache.catalina.startup.VersionLoggerListener.log コマンドライン引数:       -Dcatalina.base=/home/smachida/workspace/workshop/microservice-demo/ms-demo-90-runtime-tomcat/apache-tomcat-8.5.73
28-Apr-2022 15:22:43.620 情報 [main] org.apache.catalina.startup.VersionLoggerListener.log コマンドライン引数:       -Dcatalina.home=/home/smachida/workspace/workshop/microservice-demo/ms-demo-90-runtime-tomcat/apache-tomcat-8.5.73
28-Apr-2022 15:22:43.620 情報 [main] org.apache.catalina.startup.VersionLoggerListener.log コマンドライン引数:       -Djava.io.tmpdir=/home/smachida/workspace/workshop/microservice-demo/ms-demo-90-runtime-tomcat/apache-tomcat-8.5.73/temp
28-Apr-2022 15:22:43.620 情報 [main] org.apache.catalina.core.AprLifecycleListener.lifecycleEvent 商用環境に最適な性能を発揮する APR ベースの Tomcat ネイティブライブラリが java.library.path [/usr/java/packages/lib:/usr/lib/x86_64-linux-gnu/jni:/lib/x86_64-linux-gnu:/usr/lib/x86_64-linux-gnu:/usr/lib/jni:/lib:/usr/lib] に存在しません。
28-Apr-2022 15:22:43.656 情報 [main] org.apache.coyote.AbstractProtocol.init プロトコルハンドラ ["http-nio-8080"] を初期化します。
28-Apr-2022 15:22:43.690 情報 [main] org.apache.tomcat.util.net.NioSelectorPool.getSharedSelector Using a shared selector for servlet write/read
28-Apr-2022 15:22:43.704 情報 [main] org.apache.catalina.startup.Catalina.load Initialization processed in 723 ms
28-Apr-2022 15:22:43.776 情報 [main] org.apache.catalina.core.StandardService.startInternal サービス [Catalina] を起動します
28-Apr-2022 15:22:43.777 情報 [main] org.apache.catalina.core.StandardEngine.startInternal サーブレットエンジンの起動：[Apache Tomcat/8.5.73]
28-Apr-2022 15:22:43.796 情報 [localhost-startStop-1] org.apache.catalina.startup.HostConfig.deployDirectory Webアプリケーションディレクトリ [/home/smachida/workspace/workshop/microservice-demo/ms-demo-90-runtime-tomcat/apache-tomcat-8.5.73/webapps/examples] を配備します
28-Apr-2022 15:22:44.350 情報 [localhost-startStop-1] org.apache.catalina.startup.HostConfig.deployDirectory ディレクトリ [/home/smachida/workspace/workshop/microservice-demo/ms-demo-90-runtime-tomcat/apache-tomcat-8.5.73/webapps/examples] の Web アプリケーションの配備は [550] ms で完了しました。
28-Apr-2022 15:22:44.351 情報 [localhost-startStop-1] org.apache.catalina.startup.HostConfig.deployDirectory Webアプリケーションディレクトリ [/home/smachida/workspace/workshop/microservice-demo/ms-demo-90-runtime-tomcat/apache-tomcat-8.5.73/webapps/docs] を配備します
28-Apr-2022 15:22:44.373 情報 [localhost-startStop-1] org.apache.catalina.startup.HostConfig.deployDirectory ディレクトリ [/home/smachida/workspace/workshop/microservice-demo/ms-demo-90-runtime-tomcat/apache-tomcat-8.5.73/webapps/docs] の Web アプリケーションの配備は [22] ms で完了しました。
28-Apr-2022 15:22:44.373 情報 [localhost-startStop-1] org.apache.catalina.startup.HostConfig.deployDirectory Webアプリケーションディレクトリ [/home/smachida/workspace/workshop/microservice-demo/ms-demo-90-runtime-tomcat/apache-tomcat-8.5.73/webapps/ROOT] を配備します
28-Apr-2022 15:22:44.393 情報 [localhost-startStop-1] org.apache.catalina.startup.HostConfig.deployDirectory ディレクトリ [/home/smachida/workspace/workshop/microservice-demo/ms-demo-90-runtime-tomcat/apache-tomcat-8.5.73/webapps/ROOT] の Web アプリケーションの配備は [20] ms で完了しました。
28-Apr-2022 15:22:44.393 情報 [localhost-startStop-1] org.apache.catalina.startup.HostConfig.deployDirectory Webアプリケーションディレクトリ [/home/smachida/workspace/workshop/microservice-demo/ms-demo-90-runtime-tomcat/apache-tomcat-8.5.73/webapps/manager] を配備します
28-Apr-2022 15:22:44.430 情報 [localhost-startStop-1] org.apache.catalina.startup.HostConfig.deployDirectory ディレクトリ [/home/smachida/workspace/workshop/microservice-demo/ms-demo-90-runtime-tomcat/apache-tomcat-8.5.73/webapps/manager] の Web アプリケーションの配備は [37] ms で完了しました。
28-Apr-2022 15:22:44.430 情報 [localhost-startStop-1] org.apache.catalina.startup.HostConfig.deployDirectory Webアプリケーションディレクトリ [/home/smachida/workspace/workshop/microservice-demo/ms-demo-90-runtime-tomcat/apache-tomcat-8.5.73/webapps/host-manager] を配備します
28-Apr-2022 15:22:44.454 情報 [localhost-startStop-1] org.apache.catalina.startup.HostConfig.deployDirectory ディレクトリ [/home/smachida/workspace/workshop/microservice-demo/ms-demo-90-runtime-tomcat/apache-tomcat-8.5.73/webapps/host-manager] の Web アプリケーションの配備は [24] ms で完了しました。
28-Apr-2022 15:22:44.462 情報 [main] org.apache.coyote.AbstractProtocol.start プロトコルハンドラー ["http-nio-8080"] を開始しました。
28-Apr-2022 15:22:44.478 情報 [main] org.apache.catalina.startup.Catalina.start Server startup in 774 ms
28-Apr-2022 15:34:33.266 情報 [main] org.apache.catalina.core.StandardServer.await 有効なシャットダウンコマンドがシャットダウンポート経由で受信されました。 サーバーインスタンスを停止します。
28-Apr-2022 15:34:33.266 情報 [main] org.apache.coyote.AbstractProtocol.pause ProtocolHandler ["http-nio-8080"] を一時停止します。
28-Apr-2022 15:34:33.273 情報 [main] org.apache.catalina.core.StandardService.stopInternal サービス [Catalina] を停止します
28-Apr-2022 15:34:33.319 情報 [main] org.apache.coyote.AbstractProtocol.stop ProtocolHandler ["http-nio-8080"]の停止中
28-Apr-2022 15:34:33.322 情報 [main] org.apache.coyote.AbstractProtocol.destroy ProtocolHandler ["http-nio-8080"] を破棄します。
